<?xml version="1.0" encoding="UTF-8"?>
<testsuite xmlns:xsi="http://www.w3.org/2001/XMLSchema-instance" xsi:noNamespaceSchemaLocation="https://maven.apache.org/surefire/maven-surefire-plugin/xsd/surefire-test-report-3.0.xsd" version="3.0" name="com.crm.poc.lead.LeadStateTransitionPropertyTest" time="1.316" tests="5" errors="0" skipped="0" failures="0">
  <properties>
[...]
</properties>
  <testcase name="visitedStatusCannotBeRevisited" classname="com.crm.poc.lead.LeadStateTransitionPropertyTest" time="0.733">
    <system-out><![CDATA[timestamp = 2026-05-20T14:01:15.028772, LeadStateTransitionPropertyTest:visitedStatusCannotBeRevisited = 
                              |-----------------------jqwik-----------------------
tries = 25                    | # of calls to property
checks = 25                   | # of not rejected calls
generation = EXHAUSTIVE       | parameters are exhaustively generated
after-failure = SAMPLE_FIRST  | try previously failed sample, then previous seed
when-fixed-seed = ALLOW       | fixing the random seed is allowed
edge-cases#mode = MIXIN       | edge cases are mixed in
edge-cases#total = 0          | # of all combined edge cases
edge-cases#tried = 0          | # of edge cases tried in current run
seed = -6507871789366443085   | random seed to reproduce generated values


]]></system-out>
  </testcase>
  <testcase name="allowedTransitionsAreSubsetOfAllStatuses" classname="com.crm.poc.lead.LeadStateTransitionPropertyTest" time="0.017">
    <system-out><![CDATA[timestamp = 2026-05-20T14:01:15.052900, LeadStateTransitionPropertyTest:allowedTransitionsAreSubsetOfAllStatuses = 
                              |-----------------------jqwik-----------------------
tries = 7                     | # of calls to property
checks = 7                    | # of not rejected calls
generation = EXHAUSTIVE       | parameters are exhaustively generated
after-failure = SAMPLE_FIRST  | try previously failed sample, then previous seed
when-fixed-seed = ALLOW       | fixing the random seed is allowed
edge-cases#mode = MIXIN       | edge cases are mixed in
edge-cases#total = 0          | # of all combined edge cases
edge-cases#tried = 0          | # of edge cases tried in current run
seed = -6701965568153894744   | random seed to reproduce generated values


]]></system-out>
  </testcase>
  <testcase name="terminalStatesCannotTransition" classname="com.crm.poc.lead.LeadStateTransitionPropertyTest" time="0.018">
    <system-out><![CDATA[timestamp = 2026-05-20T14:01:15.072063, LeadStateTransitionPropertyTest:terminalStatesCannotTransition = 
                              |-----------------------jqwik-----------------------
tries = 14                    | # of calls to property
checks = 14                   | # of not rejected calls
generation = EXHAUSTIVE       | parameters are exhaustively generated
after-failure = SAMPLE_FIRST  | try previously failed sample, then previous seed
when-fixed-seed = ALLOW       | fixing the random seed is allowed
edge-cases#mode = MIXIN       | edge cases are mixed in
edge-cases#total = 0          | # of all combined edge cases
edge-cases#tried = 0          | # of edge cases tried in current run
seed = 1409089277610819314    | random seed to reproduce generated values


]]></system-out>
  </testcase>
  <testcase name="historyGrowsMonotonically" classname="com.crm.poc.lead.LeadStateTransitionPropertyTest" time="0.443">
    <system-out><![CDATA[timestamp = 2026-05-20T14:01:15.518803, LeadStateTransitionPropertyTest:historyGrowsMonotonically = 
                              |-----------------------jqwik-----------------------
tries = 50                    | # of calls to property
checks = 50                   | # of not rejected calls
generation = RANDOMIZED       | parameters are randomly generated
after-failure = SAMPLE_FIRST  | try previously failed sample, then previous seed
when-fixed-seed = ALLOW       | fixing the random seed is allowed
edge-cases#mode = MIXIN       | edge cases are mixed in
edge-cases#total = 0          | # of all combined edge cases
edge-cases#tried = 0          | # of edge cases tried in current run
seed = 5445345709020720932    | random seed to reproduce generated values


]]></system-out>
    <system-err><![CDATA[May 20, 2026 2:01:15 PM net.jqwik.engine.execution.CheckedProperty maybeWarnOnMultipleTriesWithoutForallParameters
WARNING: Running Property [LeadStateTransitionPropertyTest:historyGrowsMonotonically] in container [com.crm.poc.lead.LeadStateTransitionPropertyTest] without any @ForAll parameters for 50 tries.
    Maybe you want to change it into an @Example?
]]></system-err>
  </testcase>
  <testcase name="rejectedIsAlwaysReachableFromNonTerminal" classname="com.crm.poc.lead.LeadStateTransitionPropertyTest" time="0.011">
    <system-out><![CDATA[timestamp = 2026-05-20T14:01:15.530062, LeadStateTransitionPropertyTest:rejectedIsAlwaysReachableFromNonTerminal = 
                              |-----------------------jqwik-----------------------
tries = 5                     | # of calls to property
checks = 5                    | # of not rejected calls
generation = EXHAUSTIVE       | parameters are exhaustively generated
after-failure = SAMPLE_FIRST  | try previously failed sample, then previous seed
when-fixed-seed = ALLOW       | fixing the random seed is allowed
edge-cases#mode = MIXIN       | edge cases are mixed in
edge-cases#total = 0          | # of all combined edge cases
edge-cases#tried = 0          | # of edge cases tried in current run
seed = 6311277391490733795    | random seed to reproduce generated values


]]></system-out>
  </testcase>
</testsuite>